{
  "stats": {
    "suites": 1,
    "tests": 1,
    "passes": 0,
    "pending": 0,
    "failures": 1,
    "start": "2022-07-28T20:21:48.742Z",
    "end": "2022-07-28T20:21:49.535Z",
    "duration": 793,
    "testsRegistered": 6,
    "passPercent": 0,
    "pendingPercent": 0,
    "other": 0,
    "hasOther": false,
    "skipped": 5,
    "hasSkipped": true
  },
  "results": [
    {
      "uuid": "c2f23155-8f8d-47c2-bce4-b38a98adfacb",
      "title": "",
      "fullFile": "cypress/integration/01.LoginPage_spec.js",
      "file": "cypress/integration/01.LoginPage_spec.js",
      "beforeHooks": [],
      "afterHooks": [],
      "tests": [],
      "suites": [
        {
          "uuid": "b158b2cf-dc65-4135-a83c-a7c3d31658c1",
          "title": "1 - Crie uma página inicial de login com os seguintes campos e características:",
          "fullFile": "",
          "file": "",
          "beforeHooks": [],
          "afterHooks": [],
          "tests": [
            {
              "title": "A rota para esta página deve ser '/'",
              "fullTitle": "1 - Crie uma página inicial de login com os seguintes campos e características: A rota para esta página deve ser '/'",
              "timedOut": null,
              "duration": 640,
              "state": "failed",
              "speed": null,
              "pass": false,
              "fail": true,
              "pending": false,
              "context": null,
              "code": "cy.location('pathname').should('eq', '/');",
              "err": {
                "message": "CypressError: `cy.visit()` failed trying to load:\n\nhttp://localhost:3000/\n\nWe attempted to make an http request to this URL but the request failed without a response.\n\nWe received this error at the network level:\n\n  > Error: connect ECONNREFUSED 127.0.0.1:3000\n\nCommon situations why this would fail:\n  - you don't have internet access\n  - you forgot to run / boot your web server\n  - your web server isn't accessible\n  - you have weird network configuration settings on your computer\n\nBecause this error occurred during a `before each` hook we are skipping the remaining tests in the current suite: `1 - Crie uma página inicial...`",
                "estack": "CypressError: `cy.visit()` failed trying to load:\n\nhttp://localhost:3000/\n\nWe attempted to make an http request to this URL but the request failed without a response.\n\nWe received this error at the network level:\n\n  > Error: connect ECONNREFUSED 127.0.0.1:3000\n\nCommon situations why this would fail:\n  - you don't have internet access\n  - you forgot to run / boot your web server\n  - your web server isn't accessible\n  - you have weird network configuration settings on your computer\n\nBecause this error occurred during a `before each` hook we are skipping the remaining tests in the current suite: `1 - Crie uma página inicial...`\n    at http://localhost:38335/__cypress/runner/cypress_runner.js:163608:82\n    at visitFailedByErr (http://localhost:38335/__cypress/runner/cypress_runner.js:162912:12)\n    at http://localhost:38335/__cypress/runner/cypress_runner.js:163607:11\n    at tryCatcher (http://localhost:38335/__cypress/runner/cypress_runner.js:13022:23)\n    at Promise._settlePromiseFromHandler (http://localhost:38335/__cypress/runner/cypress_runner.js:10957:31)\n    at Promise._settlePromise (http://localhost:38335/__cypress/runner/cypress_runner.js:11014:18)\n    at Promise._settlePromise0 (http://localhost:38335/__cypress/runner/cypress_runner.js:11059:10)\n    at Promise._settlePromises (http://localhost:38335/__cypress/runner/cypress_runner.js:11135:18)\n    at _drainQueueStep (http://localhost:38335/__cypress/runner/cypress_runner.js:7729:12)\n    at _drainQueue (http://localhost:38335/__cypress/runner/cypress_runner.js:7722:9)\n    at Async.../../node_modules/bluebird/js/release/async.js.Async._drainQueues (http://localhost:38335/__cypress/runner/cypress_runner.js:7738:5)\n    at Async.drainQueues (http://localhost:38335/__cypress/runner/cypress_runner.js:7608:14)\nFrom Your Spec Code:\n    at Context.eval (http://localhost:38335/__cypress/tests?p=cypress/integration/01.LoginPage_spec.js:128:8)\n\nFrom Node.js Internals:\n  Error: connect ECONNREFUSED 127.0.0.1:3000\n      at TCPConnectWrap.afterConnect [as oncomplete] (node:net:1161:16)\n  ",
                "diff": null
              },
              "uuid": "2c1b66f2-8696-4f1a-a1c9-4d506951f26e",
              "parentUUID": "b158b2cf-dc65-4135-a83c-a7c3d31658c1",
              "isHook": false,
              "skipped": false
            },
            {
              "title": "Crie um local para que o usuário insira seu email e senha",
              "fullTitle": "1 - Crie uma página inicial de login com os seguintes campos e características: Crie um local para que o usuário insira seu email e senha",
              "timedOut": null,
              "duration": 0,
              "state": "skipped",
              "speed": null,
              "pass": false,
              "fail": false,
              "pending": false,
              "context": null,
              "code": "cy.getByTestId(_constants.EMAIL_INPUT_TEST_ID).should('exist');\ncy.getByTestId(_constants.PASSWORD_INPUT_TEST_ID).should('exist');",
              "err": {},
              "uuid": "6cd9d6b3-6471-462f-9ab0-55e5f4571cb3",
              "parentUUID": "b158b2cf-dc65-4135-a83c-a7c3d31658c1",
              "isHook": false,
              "skipped": true
            },
            {
              "title": "Crie um botão com o texto 'Entrar'",
              "fullTitle": "1 - Crie uma página inicial de login com os seguintes campos e características: Crie um botão com o texto 'Entrar'",
              "timedOut": null,
              "duration": 0,
              "state": "skipped",
              "speed": null,
              "pass": false,
              "fail": false,
              "pending": false,
              "context": null,
              "code": "cy.contains(/Entrar/i).should('exist');",
              "err": {},
              "uuid": "ac721093-77fa-43c1-b830-e951fda0243c",
              "parentUUID": "b158b2cf-dc65-4135-a83c-a7c3d31658c1",
              "isHook": false,
              "skipped": true
            },
            {
              "title": "Realize as seguintes verificações nos campos de email, senha e botão:",
              "fullTitle": "1 - Crie uma página inicial de login com os seguintes campos e características: Realize as seguintes verificações nos campos de email, senha e botão:",
              "timedOut": null,
              "duration": 0,
              "state": "skipped",
              "speed": null,
              "pass": false,
              "fail": false,
              "pending": false,
              "context": null,
              "code": "cy.contains(/Entrar/i).should('be.disabled');\ncy.getByTestId(_constants.EMAIL_INPUT_TEST_ID).type(_constants.INVALID_EMAIL_0);\ncy.getByTestId(_constants.PASSWORD_INPUT_TEST_ID).type(_constants.VALID_PASSWORD);\ncy.contains(/Entrar/i).should('be.disabled');\ncy.getByTestId(_constants.EMAIL_INPUT_TEST_ID).clear().type(_constants.INVALID_EMAIL_1);\ncy.getByTestId(_constants.PASSWORD_INPUT_TEST_ID).clear().type(_constants.VALID_PASSWORD);\ncy.contains(/Entrar/i).should('be.disabled');\ncy.getByTestId(_constants.EMAIL_INPUT_TEST_ID).clear().type(_constants.INVALID_EMAIL_2);\ncy.getByTestId(_constants.PASSWORD_INPUT_TEST_ID).clear().type(_constants.VALID_PASSWORD);\ncy.contains(/Entrar/i).should('be.disabled');\ncy.getByTestId(_constants.EMAIL_INPUT_TEST_ID).clear().type(_constants.INVALID_EMAIL_3);\ncy.getByTestId(_constants.PASSWORD_INPUT_TEST_ID).clear().type(_constants.VALID_PASSWORD);\ncy.contains(/Entrar/i).should('be.disabled');\ncy.getByTestId(_constants.EMAIL_INPUT_TEST_ID).clear().type(_constants.VALID_EMAIL);\ncy.getByTestId(_constants.PASSWORD_INPUT_TEST_ID).clear().type(_constants.INVALID_PASSWORD);\ncy.contains(/Entrar/i).should('be.disabled');\ncy.getByTestId(_constants.EMAIL_INPUT_TEST_ID).clear().type(_constants.VALID_EMAIL);\ncy.getByTestId(_constants.PASSWORD_INPUT_TEST_ID).clear().type(_constants.VALID_PASSWORD);\ncy.contains(/Entrar/i).should('not.be.disabled');",
              "err": {},
              "uuid": "0e972fa8-eaab-4ac6-a283-6e97ea53a5f0",
              "parentUUID": "b158b2cf-dc65-4135-a83c-a7c3d31658c1",
              "isHook": false,
              "skipped": true
            },
            {
              "title": "Salve o email no estado da aplicação, com a chave email, assim que o usuário logar.",
              "fullTitle": "1 - Crie uma página inicial de login com os seguintes campos e características: Salve o email no estado da aplicação, com a chave email, assim que o usuário logar.",
              "timedOut": null,
              "duration": 0,
              "state": "skipped",
              "speed": null,
              "pass": false,
              "fail": false,
              "pending": false,
              "context": null,
              "code": "(0, _helperFunctions.logInWithValidCredentials)();\ncy.window().its('store').invoke('getState').its('user.email').should('eq', _constants.VALID_EMAIL);",
              "err": {},
              "uuid": "7a8df529-4bc5-4fb4-826c-f14d60ab2720",
              "parentUUID": "b158b2cf-dc65-4135-a83c-a7c3d31658c1",
              "isHook": false,
              "skipped": true
            },
            {
              "title": "A rota deve ser mudada para '/carteira' após o clique no botão.",
              "fullTitle": "1 - Crie uma página inicial de login com os seguintes campos e características: A rota deve ser mudada para '/carteira' após o clique no botão.",
              "timedOut": null,
              "duration": 0,
              "state": "skipped",
              "speed": null,
              "pass": false,
              "fail": false,
              "pending": false,
              "context": null,
              "code": "(0, _helperFunctions.logInWithValidCredentials)();\ncy.location('pathname').should('eq', '/carteira');",
              "err": {},
              "uuid": "d5789092-045d-4177-b9de-4e38cb6b6d70",
              "parentUUID": "b158b2cf-dc65-4135-a83c-a7c3d31658c1",
              "isHook": false,
              "skipped": true
            }
          ],
          "suites": [],
          "passes": [],
          "failures": [
            "2c1b66f2-8696-4f1a-a1c9-4d506951f26e"
          ],
          "pending": [],
          "skipped": [
            "6cd9d6b3-6471-462f-9ab0-55e5f4571cb3",
            "ac721093-77fa-43c1-b830-e951fda0243c",
            "0e972fa8-eaab-4ac6-a283-6e97ea53a5f0",
            "7a8df529-4bc5-4fb4-826c-f14d60ab2720",
            "d5789092-045d-4177-b9de-4e38cb6b6d70"
          ],
          "duration": 640,
          "root": false,
          "rootEmpty": false,
          "_timeout": 2000
        }
      ],
      "passes": [],
      "failures": [],
      "pending": [],
      "skipped": [],
      "duration": 0,
      "root": true,
      "rootEmpty": true,
      "_timeout": 2000
    }
  ],
  "meta": {
    "mocha": {
      "version": "7.0.1"
    },
    "mochawesome": {
      "options": {
        "quiet": false,
        "reportFilename": "mochawesome",
        "saveHtml": false,
        "saveJson": true,
        "consoleReporter": "spec",
        "useInlineDiffs": false,
        "code": true
      },
      "version": "7.1.3"
    },
    "marge": {
      "options": {
        "id": "default",
        "reportDir": "cypress/reports",
        "overwrite": false,
        "html": false,
        "json": true
      },
      "version": "6.2.0"
    }
  }
}