{
  "stats": {
    "suites": 1,
    "tests": 4,
    "passes": 0,
    "pending": 0,
    "failures": 4,
    "start": "2022-07-28T20:22:22.632Z",
    "end": "2022-07-28T20:22:30.829Z",
    "duration": 8197,
    "testsRegistered": 4,
    "passPercent": 0,
    "pendingPercent": 0,
    "other": 0,
    "hasOther": false,
    "skipped": 0,
    "hasSkipped": false
  },
  "results": [
    {
      "uuid": "e29bea1e-6bea-4846-9448-cab6add9991e",
      "title": "",
      "fullFile": "cypress/integration/10.TestCoverage_spec.js",
      "file": "cypress/integration/10.TestCoverage_spec.js",
      "beforeHooks": [],
      "afterHooks": [],
      "tests": [],
      "suites": [
        {
          "uuid": "f2963b11-6e77-4353-8607-c259c1ffeca6",
          "title": "10 - Desenvolva testes para atingir 90% de cobertura total da aplicação",
          "fullFile": "",
          "file": "",
          "beforeHooks": [],
          "afterHooks": [],
          "tests": [
            {
              "title": "Cobertura de \"Statements\" total deverá ser maior ou igual a 90.",
              "fullTitle": "10 - Desenvolva testes para atingir 90% de cobertura total da aplicação Cobertura de \"Statements\" total deverá ser maior ou igual a 90.",
              "timedOut": null,
              "duration": 2080,
              "state": "failed",
              "speed": null,
              "pass": false,
              "fail": true,
              "pending": false,
              "context": null,
              "code": "cy.task('getCoverage', (0, _getId.getId)()).its('total.statements.pct', {\n  timeout: 0\n}).should('be.gte', 90.00);",
              "err": {
                "message": "CypressError: `cy.task('getCoverage')` failed with the following error:\n\n> Command failed: npm run test-coverage -- --coverageReporters=\"json-summary\" --testFailureExitCode=0\n\n\nhttps://on.cypress.io/api/task",
                "estack": "CypressError: `cy.task('getCoverage')` failed with the following error:\n\n> Command failed: npm run test-coverage -- --coverageReporters=\"json-summary\" --testFailureExitCode=0\n\n\nhttps://on.cypress.io/api/task\n    at http://localhost:38335/__cypress/runner/cypress_runner.js:167117:78\n    at tryCatcher (http://localhost:38335/__cypress/runner/cypress_runner.js:13022:23)\n    at Promise._settlePromiseFromHandler (http://localhost:38335/__cypress/runner/cypress_runner.js:10957:31)\n    at Promise._settlePromise (http://localhost:38335/__cypress/runner/cypress_runner.js:11014:18)\n    at Promise._settlePromise0 (http://localhost:38335/__cypress/runner/cypress_runner.js:11059:10)\n    at Promise._settlePromises (http://localhost:38335/__cypress/runner/cypress_runner.js:11135:18)\n    at _drainQueueStep (http://localhost:38335/__cypress/runner/cypress_runner.js:7729:12)\n    at _drainQueue (http://localhost:38335/__cypress/runner/cypress_runner.js:7722:9)\n    at Async.../../node_modules/bluebird/js/release/async.js.Async._drainQueues (http://localhost:38335/__cypress/runner/cypress_runner.js:7738:5)\n    at Async.drainQueues (http://localhost:38335/__cypress/runner/cypress_runner.js:7608:14)\nFrom Your Spec Code:\n    at Context.eval (http://localhost:38335/__cypress/tests?p=cypress/integration/10.TestCoverage_spec.js:103:8)\n\nFrom Node.js Internals:\n  Error: Command failed: npm run test-coverage -- --coverageReporters=\"json-summary\" --testFailureExitCode=0\n  \n      at ChildProcess.exithandler (node:child_process:398:12)\n      at ChildProcess.emit (node:events:527:28)\n      at maybeClose (node:internal/child_process:1092:16)\n      at Socket.<anonymous> (node:internal/child_process:451:11)\n      at Socket.emit (node:events:527:28)\n      at Pipe.<anonymous> (node:net:709:12)",
                "diff": null
              },
              "uuid": "e2bc5062-b51f-4d79-873a-01debe57cf36",
              "parentUUID": "f2963b11-6e77-4353-8607-c259c1ffeca6",
              "isHook": false,
              "skipped": false
            },
            {
              "title": "Cobertura de \"Functions\" total deverá ser maior ou igual a 90.",
              "fullTitle": "10 - Desenvolva testes para atingir 90% de cobertura total da aplicação Cobertura de \"Functions\" total deverá ser maior ou igual a 90.",
              "timedOut": null,
              "duration": 1987,
              "state": "failed",
              "speed": null,
              "pass": false,
              "fail": true,
              "pending": false,
              "context": null,
              "code": "cy.task('getCoverage', (0, _getId.getId)()).its('total.functions.pct', {\n  timeout: 0\n}).should('be.gte', 90.00);",
              "err": {
                "message": "CypressError: `cy.task('getCoverage')` failed with the following error:\n\n> Command failed: npm run test-coverage -- --coverageReporters=\"json-summary\" --testFailureExitCode=0\n\n\nhttps://on.cypress.io/api/task",
                "estack": "CypressError: `cy.task('getCoverage')` failed with the following error:\n\n> Command failed: npm run test-coverage -- --coverageReporters=\"json-summary\" --testFailureExitCode=0\n\n\nhttps://on.cypress.io/api/task\n    at http://localhost:38335/__cypress/runner/cypress_runner.js:167117:78\n    at tryCatcher (http://localhost:38335/__cypress/runner/cypress_runner.js:13022:23)\n    at Promise._settlePromiseFromHandler (http://localhost:38335/__cypress/runner/cypress_runner.js:10957:31)\n    at Promise._settlePromise (http://localhost:38335/__cypress/runner/cypress_runner.js:11014:18)\n    at Promise._settlePromise0 (http://localhost:38335/__cypress/runner/cypress_runner.js:11059:10)\n    at Promise._settlePromises (http://localhost:38335/__cypress/runner/cypress_runner.js:11135:18)\n    at _drainQueueStep (http://localhost:38335/__cypress/runner/cypress_runner.js:7729:12)\n    at _drainQueue (http://localhost:38335/__cypress/runner/cypress_runner.js:7722:9)\n    at Async.../../node_modules/bluebird/js/release/async.js.Async._drainQueues (http://localhost:38335/__cypress/runner/cypress_runner.js:7738:5)\n    at Async.drainQueues (http://localhost:38335/__cypress/runner/cypress_runner.js:7608:14)\nFrom Your Spec Code:\n    at Context.eval (http://localhost:38335/__cypress/tests?p=cypress/integration/10.TestCoverage_spec.js:108:8)\n\nFrom Node.js Internals:\n  Error: Command failed: npm run test-coverage -- --coverageReporters=\"json-summary\" --testFailureExitCode=0\n  \n      at ChildProcess.exithandler (node:child_process:398:12)\n      at ChildProcess.emit (node:events:527:28)\n      at maybeClose (node:internal/child_process:1092:16)\n      at Process.ChildProcess._handle.onexit (node:internal/child_process:302:5)",
                "diff": null
              },
              "uuid": "24e2e09a-dd31-4391-b68c-448971d69663",
              "parentUUID": "f2963b11-6e77-4353-8607-c259c1ffeca6",
              "isHook": false,
              "skipped": false
            },
            {
              "title": "Cobertura de \"Branches\" total deverá ser maior ou igual a 90.",
              "fullTitle": "10 - Desenvolva testes para atingir 90% de cobertura total da aplicação Cobertura de \"Branches\" total deverá ser maior ou igual a 90.",
              "timedOut": null,
              "duration": 1920,
              "state": "failed",
              "speed": null,
              "pass": false,
              "fail": true,
              "pending": false,
              "context": null,
              "code": "cy.task('getCoverage', (0, _getId.getId)()).its('total.branches.pct', {\n  timeout: 0\n}).should('be.gte', 90.00);",
              "err": {
                "message": "CypressError: `cy.task('getCoverage')` failed with the following error:\n\n> Command failed: npm run test-coverage -- --coverageReporters=\"json-summary\" --testFailureExitCode=0\n\n\nhttps://on.cypress.io/api/task",
                "estack": "CypressError: `cy.task('getCoverage')` failed with the following error:\n\n> Command failed: npm run test-coverage -- --coverageReporters=\"json-summary\" --testFailureExitCode=0\n\n\nhttps://on.cypress.io/api/task\n    at http://localhost:38335/__cypress/runner/cypress_runner.js:167117:78\n    at tryCatcher (http://localhost:38335/__cypress/runner/cypress_runner.js:13022:23)\n    at Promise._settlePromiseFromHandler (http://localhost:38335/__cypress/runner/cypress_runner.js:10957:31)\n    at Promise._settlePromise (http://localhost:38335/__cypress/runner/cypress_runner.js:11014:18)\n    at Promise._settlePromise0 (http://localhost:38335/__cypress/runner/cypress_runner.js:11059:10)\n    at Promise._settlePromises (http://localhost:38335/__cypress/runner/cypress_runner.js:11135:18)\n    at _drainQueueStep (http://localhost:38335/__cypress/runner/cypress_runner.js:7729:12)\n    at _drainQueue (http://localhost:38335/__cypress/runner/cypress_runner.js:7722:9)\n    at Async.../../node_modules/bluebird/js/release/async.js.Async._drainQueues (http://localhost:38335/__cypress/runner/cypress_runner.js:7738:5)\n    at Async.drainQueues (http://localhost:38335/__cypress/runner/cypress_runner.js:7608:14)\nFrom Your Spec Code:\n    at Context.eval (http://localhost:38335/__cypress/tests?p=cypress/integration/10.TestCoverage_spec.js:113:8)\n\nFrom Node.js Internals:\n  Error: Command failed: npm run test-coverage -- --coverageReporters=\"json-summary\" --testFailureExitCode=0\n  \n      at ChildProcess.exithandler (node:child_process:398:12)\n      at ChildProcess.emit (node:events:527:28)\n      at maybeClose (node:internal/child_process:1092:16)\n      at Socket.<anonymous> (node:internal/child_process:451:11)\n      at Socket.emit (node:events:527:28)\n      at Pipe.<anonymous> (node:net:709:12)",
                "diff": null
              },
              "uuid": "98932cdc-dfe8-472e-b9a0-aaab99569e24",
              "parentUUID": "f2963b11-6e77-4353-8607-c259c1ffeca6",
              "isHook": false,
              "skipped": false
            },
            {
              "title": "Cobertura de \"Lines\" total deverá ser maior ou igual a 90.",
              "fullTitle": "10 - Desenvolva testes para atingir 90% de cobertura total da aplicação Cobertura de \"Lines\" total deverá ser maior ou igual a 90.",
              "timedOut": null,
              "duration": 1958,
              "state": "failed",
              "speed": null,
              "pass": false,
              "fail": true,
              "pending": false,
              "context": null,
              "code": "cy.task('getCoverage', (0, _getId.getId)()).its('total.lines.pct', {\n  timeout: 0\n}).should('be.gte', 90.00);",
              "err": {
                "message": "CypressError: `cy.task('getCoverage')` failed with the following error:\n\n> Command failed: npm run test-coverage -- --coverageReporters=\"json-summary\" --testFailureExitCode=0\n\n\nhttps://on.cypress.io/api/task",
                "estack": "CypressError: `cy.task('getCoverage')` failed with the following error:\n\n> Command failed: npm run test-coverage -- --coverageReporters=\"json-summary\" --testFailureExitCode=0\n\n\nhttps://on.cypress.io/api/task\n    at http://localhost:38335/__cypress/runner/cypress_runner.js:167117:78\n    at tryCatcher (http://localhost:38335/__cypress/runner/cypress_runner.js:13022:23)\n    at Promise._settlePromiseFromHandler (http://localhost:38335/__cypress/runner/cypress_runner.js:10957:31)\n    at Promise._settlePromise (http://localhost:38335/__cypress/runner/cypress_runner.js:11014:18)\n    at Promise._settlePromise0 (http://localhost:38335/__cypress/runner/cypress_runner.js:11059:10)\n    at Promise._settlePromises (http://localhost:38335/__cypress/runner/cypress_runner.js:11135:18)\n    at _drainQueueStep (http://localhost:38335/__cypress/runner/cypress_runner.js:7729:12)\n    at _drainQueue (http://localhost:38335/__cypress/runner/cypress_runner.js:7722:9)\n    at Async.../../node_modules/bluebird/js/release/async.js.Async._drainQueues (http://localhost:38335/__cypress/runner/cypress_runner.js:7738:5)\n    at Async.drainQueues (http://localhost:38335/__cypress/runner/cypress_runner.js:7608:14)\nFrom Your Spec Code:\n    at Context.eval (http://localhost:38335/__cypress/tests?p=cypress/integration/10.TestCoverage_spec.js:118:8)\n\nFrom Node.js Internals:\n  Error: Command failed: npm run test-coverage -- --coverageReporters=\"json-summary\" --testFailureExitCode=0\n  \n      at ChildProcess.exithandler (node:child_process:398:12)\n      at ChildProcess.emit (node:events:527:28)\n      at maybeClose (node:internal/child_process:1092:16)\n      at Process.ChildProcess._handle.onexit (node:internal/child_process:302:5)",
                "diff": null
              },
              "uuid": "c6ab2e26-16df-449b-b40e-ddc5ea5ba4db",
              "parentUUID": "f2963b11-6e77-4353-8607-c259c1ffeca6",
              "isHook": false,
              "skipped": false
            }
          ],
          "suites": [],
          "passes": [],
          "failures": [
            "e2bc5062-b51f-4d79-873a-01debe57cf36",
            "24e2e09a-dd31-4391-b68c-448971d69663",
            "98932cdc-dfe8-472e-b9a0-aaab99569e24",
            "c6ab2e26-16df-449b-b40e-ddc5ea5ba4db"
          ],
          "pending": [],
          "skipped": [],
          "duration": 7945,
          "root": false,
          "rootEmpty": false,
          "_timeout": 2000
        }
      ],
      "passes": [],
      "failures": [],
      "pending": [],
      "skipped": [],
      "duration": 0,
      "root": true,
      "rootEmpty": true,
      "_timeout": 2000
    }
  ],
  "meta": {
    "mocha": {
      "version": "7.0.1"
    },
    "mochawesome": {
      "options": {
        "quiet": false,
        "reportFilename": "mochawesome",
        "saveHtml": false,
        "saveJson": true,
        "consoleReporter": "spec",
        "useInlineDiffs": false,
        "code": true
      },
      "version": "7.1.3"
    },
    "marge": {
      "options": {
        "id": "default",
        "reportDir": "cypress/reports",
        "overwrite": false,
        "html": false,
        "json": true
      },
      "version": "6.2.0"
    }
  }
}